<?xml version="1.0" encoding="UTF-8"?>
<!-- Generated by org.testng.reporters.JUnitReportReporter -->
<testsuite hostname="m-PC" name="RunnerFiles.Runner" tests="1" failures="0" timestamp="28 May 2020 06:49:04 GMT" time="44.889" errors="0">
  <testcase name="feature" time="44.889" classname="RunnerFiles.Runner"/>
</testsuite> <!-- RunnerFiles.Runner -->
